<?xml version="1.0" encoding="UTF-8"?>
<!-- Generated by org.testng.reporters.JUnitReportReporter -->
<testsuite hostname="bhargav" failures="0" tests="2" name="testngpackage.BaseClass" time="0.012" errors="0" timestamp="2022-03-23T05:00:13 IST" skipped="0">
  <testcase classname="testngpackage.BaseClass" name="multTwoNumber" time="0.010"/>
  <system-out/>
  <testcase classname="testngpackage.BaseClass" name="AddTwoNumber" time="0.002"/>
  <system-out/>
</testsuite> <!-- testngpackage.BaseClass -->
